------------------------------------------------------------
/usr/bin/pip run on Tue Apr  8 04:56:39 2014
Downloading/unpacking uwsgi
  Getting page http://pypi.python.org/simple/uwsgi
  URLs to search for versions for uwsgi:
  * http://pypi.python.org/simple/uwsgi/
  Getting page http://pypi.python.org/simple/uwsgi/
  Analyzing links from page https://pypi.python.org/simple/uWSGI/
    Found link https://pypi.python.org/packages/source/u/uWSGI/uwsgi-1.4.10.tar.gz#md5=11855da2813ece2f48203ae48e7b4bb3 (from https://pypi.python.org/simple/uWSGI/), version: 1.4.10
    Found link https://pypi.python.org/packages/source/u/uWSGI/uwsgi-1.4.9.tar.gz#md5=3fe995a39e0489621ddcc7acfbd49171 (from https://pypi.python.org/simple/uWSGI/), version: 1.4.9
    Found link https://pypi.python.org/packages/source/u/uWSGI/uwsgi-1.9.1.tar.gz#md5=ebf17373ffee7517dc1b5796191c0bf0 (from https://pypi.python.org/simple/uWSGI/), version: 1.9.1
    Found link https://pypi.python.org/packages/source/u/uWSGI/uwsgi-1.9.10.tar.gz#md5=c65dca538e5498bc47516de6653bb6fd (from https://pypi.python.org/simple/uWSGI/), version: 1.9.10
    Found link https://pypi.python.org/packages/source/u/uWSGI/uwsgi-1.9.11.tar.gz#md5=924393f187e34b737e50ea3f79c63a73 (from https://pypi.python.org/simple/uWSGI/), version: 1.9.11
    Found link https://pypi.python.org/packages/source/u/uWSGI/uwsgi-1.9.12.tar.gz#md5=93e561fcd4d7da48aafaf2a85095df58 (from https://pypi.python.org/simple/uWSGI/), version: 1.9.12
    Found link https://pypi.python.org/packages/source/u/uWSGI/uwsgi-1.9.13.tar.gz#md5=e331f96469166520a0e3d02296199cbd (from https://pypi.python.org/simple/uWSGI/), version: 1.9.13
    Found link https://pypi.python.org/packages/source/u/uWSGI/uwsgi-1.9.14.tar.gz#md5=ec9cf333534604f17ef4e24051d9d65d (from https://pypi.python.org/simple/uWSGI/), version: 1.9.14
    Found link https://pypi.python.org/packages/source/u/uWSGI/uwsgi-1.9.15.tar.gz#md5=e2a1c245e0b8b7e3c8dff8dbbfca52f3 (from https://pypi.python.org/simple/uWSGI/), version: 1.9.15
    Found link https://pypi.python.org/packages/source/u/uWSGI/uwsgi-1.9.16.tar.gz#md5=71fdc369d595ec40776ad954c6ea346b (from https://pypi.python.org/simple/uWSGI/), version: 1.9.16
    Found link https://pypi.python.org/packages/source/u/uWSGI/uwsgi-1.9.17.1.tar.gz#md5=501f29ad4538193c0ef585b4cef46bcf (from https://pypi.python.org/simple/uWSGI/), version: 1.9.17.1
    Found link https://pypi.python.org/packages/source/u/uWSGI/uwsgi-1.9.17.tar.gz#md5=0e05fe94aa6065a65fb1f54b327f6702 (from https://pypi.python.org/simple/uWSGI/), version: 1.9.17
    Found link https://pypi.python.org/packages/source/u/uWSGI/uwsgi-1.9.18.1.tar.gz#md5=9925e4c189cb0fcd26d4b2efd732b6ca (from https://pypi.python.org/simple/uWSGI/), version: 1.9.18.1
    Found link https://pypi.python.org/packages/source/u/uWSGI/uwsgi-1.9.18.2.tar.gz#md5=dbc43696d03cdce9baa999b3791abfd3 (from https://pypi.python.org/simple/uWSGI/), version: 1.9.18.2
    Found link https://pypi.python.org/packages/source/u/uWSGI/uwsgi-1.9.18.tar.gz#md5=966a10a980a579f809db71bc7038ee0f (from https://pypi.python.org/simple/uWSGI/), version: 1.9.18
    Found link https://pypi.python.org/packages/source/u/uWSGI/uwsgi-1.9.19.tar.gz#md5=1a6858130a4918de86410ccbf55945ae (from https://pypi.python.org/simple/uWSGI/), version: 1.9.19
    Found link https://pypi.python.org/packages/source/u/uWSGI/uwsgi-1.9.2.tar.gz#md5=70d666a15e1255f6c596645f06fcfe87 (from https://pypi.python.org/simple/uWSGI/), version: 1.9.2
    Found link https://pypi.python.org/packages/source/u/uWSGI/uwsgi-1.9.20.tar.gz#md5=7ba1ef65e0678b6507e52dcabd158a61 (from https://pypi.python.org/simple/uWSGI/), version: 1.9.20
    Found link https://pypi.python.org/packages/source/u/uWSGI/uwsgi-1.9.21.1.tar.gz#md5=82df3eeacc0d4e661459bc50d50e757b (from https://pypi.python.org/simple/uWSGI/), version: 1.9.21.1
    Found link https://pypi.python.org/packages/source/u/uWSGI/uwsgi-1.9.21.tar.gz#md5=c3698ab38fd9e32f9fadef1e35eba151 (from https://pypi.python.org/simple/uWSGI/), version: 1.9.21
    Found link https://pypi.python.org/packages/source/u/uWSGI/uwsgi-1.9.3.tar.gz#md5=30922b9f8f99e6abc13f03605e5a95e0 (from https://pypi.python.org/simple/uWSGI/), version: 1.9.3
    Found link https://pypi.python.org/packages/source/u/uWSGI/uwsgi-1.9.4.tar.gz#md5=4d69e56d2851ac88f4f96a8f836fc624 (from https://pypi.python.org/simple/uWSGI/), version: 1.9.4
    Found link https://pypi.python.org/packages/source/u/uWSGI/uwsgi-1.9.5.tar.gz#md5=369ba96fd4fbc9314992d4cf6ed687ed (from https://pypi.python.org/simple/uWSGI/), version: 1.9.5
    Found link https://pypi.python.org/packages/source/u/uWSGI/uwsgi-1.9.6.tar.gz#md5=2c1007c48cfdc8876333967be14f9b2e (from https://pypi.python.org/simple/uWSGI/), version: 1.9.6
    Found link https://pypi.python.org/packages/source/u/uWSGI/uwsgi-1.9.7.tar.gz#md5=d719eb220480b6712df51d72509272e3 (from https://pypi.python.org/simple/uWSGI/), version: 1.9.7
    Found link https://pypi.python.org/packages/source/u/uWSGI/uwsgi-1.9.8.tar.gz#md5=f9844674deb5da5565620a53c4b230d1 (from https://pypi.python.org/simple/uWSGI/), version: 1.9.8
    Found link https://pypi.python.org/packages/source/u/uWSGI/uwsgi-1.9.9.tar.gz#md5=05596e66069cf1eaa6de70c9e9698feb (from https://pypi.python.org/simple/uWSGI/), version: 1.9.9
    Found link https://pypi.python.org/packages/source/u/uWSGI/uwsgi-1.9.tar.gz#md5=d51ec3a05e9e20d9e438be1a5220ff3d (from https://pypi.python.org/simple/uWSGI/), version: 1.9
    Found link https://pypi.python.org/packages/source/u/uWSGI/uwsgi-2.0.1.tar.gz#md5=e7234f16ddfb4fe5d0b5d5fa76dc17e1 (from https://pypi.python.org/simple/uWSGI/), version: 2.0.1
    Found link https://pypi.python.org/packages/source/u/uWSGI/uwsgi-2.0.2.tar.gz#md5=297578b2e3ef2102faeadaa0fb8aac6b (from https://pypi.python.org/simple/uWSGI/), version: 2.0.2
    Found link https://pypi.python.org/packages/source/u/uWSGI/uwsgi-2.0.3.tar.gz#md5=3d27176082aba18d13871aa89d2610af (from https://pypi.python.org/simple/uWSGI/), version: 2.0.3
    Found link https://pypi.python.org/packages/source/u/uWSGI/uwsgi-2.0.tar.gz#md5=e4ab884be53a18c40975da1f9f14ef3d (from https://pypi.python.org/simple/uWSGI/), version: 2.0
    Found link http://projects.unbit.it/downloads/uwsgi-0.9.8.6.tar.gz (from https://pypi.python.org/simple/uWSGI/), version: 0.9.8.6
    Found link http://projects.unbit.it/downloads/uwsgi-1.0.4.tar.gz (from https://pypi.python.org/simple/uWSGI/), version: 1.0.4
    Found link http://projects.unbit.it/downloads/uwsgi-1.1.1.tar.gz (from https://pypi.python.org/simple/uWSGI/), version: 1.1.1
    Found link http://projects.unbit.it/downloads/uwsgi-1.1.2.tar.gz (from https://pypi.python.org/simple/uWSGI/), version: 1.1.2
    Found link http://projects.unbit.it/downloads/uwsgi-1.1.tar.gz (from https://pypi.python.org/simple/uWSGI/), version: 1.1
    Found link http://projects.unbit.it/downloads/uwsgi-1.2.3.tar.gz (from https://pypi.python.org/simple/uWSGI/), version: 1.2.3
    Found link http://projects.unbit.it/downloads/uwsgi-1.2.4.tar.gz (from https://pypi.python.org/simple/uWSGI/), version: 1.2.4
    Found link http://projects.unbit.it/downloads/uwsgi-1.2.5.tar.gz (from https://pypi.python.org/simple/uWSGI/), version: 1.2.5
    Found link http://projects.unbit.it/downloads/uwsgi-1.2.6.tar.gz (from https://pypi.python.org/simple/uWSGI/), version: 1.2.6
    Found link http://projects.unbit.it/downloads/uwsgi-1.2.tar.gz (from https://pypi.python.org/simple/uWSGI/), version: 1.2
    Found link http://projects.unbit.it/downloads/uwsgi-1.3.tar.gz (from https://pypi.python.org/simple/uWSGI/), version: 1.3
    Found link http://projects.unbit.it/downloads/uwsgi-1.4.1.tar.gz (from https://pypi.python.org/simple/uWSGI/), version: 1.4.1
    Found link http://projects.unbit.it/downloads/uwsgi-1.4.10.tar.gz (from https://pypi.python.org/simple/uWSGI/), version: 1.4.10
    Found link http://projects.unbit.it/downloads/uwsgi-1.4.2.tar.gz (from https://pypi.python.org/simple/uWSGI/), version: 1.4.2
    Found link http://projects.unbit.it/downloads/uwsgi-1.4.3.tar.gz (from https://pypi.python.org/simple/uWSGI/), version: 1.4.3
    Found link http://projects.unbit.it/downloads/uwsgi-1.4.4.tar.gz (from https://pypi.python.org/simple/uWSGI/), version: 1.4.4
    Found link http://projects.unbit.it/downloads/uwsgi-1.4.5.tar.gz (from https://pypi.python.org/simple/uWSGI/), version: 1.4.5
    Found link http://projects.unbit.it/downloads/uwsgi-1.4.6.tar.gz (from https://pypi.python.org/simple/uWSGI/), version: 1.4.6
    Found link http://projects.unbit.it/downloads/uwsgi-1.4.7.tar.gz (from https://pypi.python.org/simple/uWSGI/), version: 1.4.7
    Found link http://projects.unbit.it/downloads/uwsgi-1.4.8.tar.gz (from https://pypi.python.org/simple/uWSGI/), version: 1.4.8
    Found link http://projects.unbit.it/downloads/uwsgi-1.4.tar.gz (from https://pypi.python.org/simple/uWSGI/), version: 1.4
    Skipping link http://projects.unbit.it/uwsgi/ (from https://pypi.python.org/simple/uWSGI/); not a file
  Using version 2.0.3 (newest of versions: 2.0.3, 2.0.2, 2.0.1, 2.0, 1.9.21.1, 1.9.21, 1.9.20, 1.9.19, 1.9.18.2, 1.9.18.1, 1.9.18, 1.9.17.1, 1.9.17, 1.9.16, 1.9.15, 1.9.14, 1.9.13, 1.9.12, 1.9.11, 1.9.10, 1.9.9, 1.9.8, 1.9.7, 1.9.6, 1.9.5, 1.9.4, 1.9.3, 1.9.2, 1.9.1, 1.9, 1.4.10, 1.4.10, 1.4.9, 1.4.8, 1.4.7, 1.4.6, 1.4.5, 1.4.4, 1.4.3, 1.4.2, 1.4.1, 1.4, 1.3, 1.2.6, 1.2.5, 1.2.4, 1.2.3, 1.2, 1.1.2, 1.1.1, 1.1, 1.0.4, 0.9.8.6)
  Downloading from URL https://pypi.python.org/packages/source/u/uWSGI/uwsgi-2.0.3.tar.gz#md5=3d27176082aba18d13871aa89d2610af (from https://pypi.python.org/simple/uWSGI/)
  Running setup.py egg_info for package uwsgi
    running egg_info
    creating pip-egg-info/uWSGI.egg-info
    writing pip-egg-info/uWSGI.egg-info/PKG-INFO
    writing top-level names to pip-egg-info/uWSGI.egg-info/top_level.txt
    writing dependency_links to pip-egg-info/uWSGI.egg-info/dependency_links.txt
    writing manifest file 'pip-egg-info/uWSGI.egg-info/SOURCES.txt'
    warning: manifest_maker: standard file '-c' not found
    
    reading manifest file 'pip-egg-info/uWSGI.egg-info/SOURCES.txt'
    writing manifest file 'pip-egg-info/uWSGI.egg-info/SOURCES.txt'
Installing collected packages: uwsgi
  Running setup.py install for uwsgi
    Running command /usr/bin/python -c "import setuptools;__file__='/home/ubuntu/build/uwsgi/setup.py';exec(compile(open(__file__).read().replace('\r\n', '\n'), __file__, 'exec'))" install --single-version-externally-managed --record /tmp/pip-Fj37Ug-record/install-record.txt
    running install
    using profile: buildconf/default.ini
    detected include path: ['/usr/include', '/usr/local/include']
    Traceback (most recent call last):
      File "<string>", line 1, in <module>
      File "/home/ubuntu/build/uwsgi/setup.py", line 109, in <module>
        distclass=uWSGIDistribution,
      File "/usr/lib/python2.7/distutils/core.py", line 152, in setup
        dist.run_commands()
      File "/usr/lib/python2.7/distutils/dist.py", line 953, in run_commands
        self.run_command(cmd)
      File "/usr/lib/python2.7/distutils/dist.py", line 972, in run_command
        cmd_obj.run()
      File "/home/ubuntu/build/uwsgi/setup.py", line 71, in run
        conf = uc.uConf(get_profile())
      File "uwsgiconfig.py", line 682, in __init__
        raise Exception("you need a C compiler to build uWSGI")
    Exception: you need a C compiler to build uWSGI
    Complete output from command /usr/bin/python -c "import setuptools;__file__='/home/ubuntu/build/uwsgi/setup.py';exec(compile(open(__file__).read().replace('\r\n', '\n'), __file__, 'exec'))" install --single-version-externally-managed --record /tmp/pip-Fj37Ug-record/install-record.txt:
    running install

using profile: buildconf/default.ini

detected include path: ['/usr/include', '/usr/local/include']

Traceback (most recent call last):

  File "<string>", line 1, in <module>

  File "/home/ubuntu/build/uwsgi/setup.py", line 109, in <module>

    distclass=uWSGIDistribution,

  File "/usr/lib/python2.7/distutils/core.py", line 152, in setup

    dist.run_commands()

  File "/usr/lib/python2.7/distutils/dist.py", line 953, in run_commands

    self.run_command(cmd)

  File "/usr/lib/python2.7/distutils/dist.py", line 972, in run_command

    cmd_obj.run()

  File "/home/ubuntu/build/uwsgi/setup.py", line 71, in run

    conf = uc.uConf(get_profile())

  File "uwsgiconfig.py", line 682, in __init__

    raise Exception("you need a C compiler to build uWSGI")

Exception: you need a C compiler to build uWSGI

----------------------------------------
Command /usr/bin/python -c "import setuptools;__file__='/home/ubuntu/build/uwsgi/setup.py';exec(compile(open(__file__).read().replace('\r\n', '\n'), __file__, 'exec'))" install --single-version-externally-managed --record /tmp/pip-Fj37Ug-record/install-record.txt failed with error code 1
Exception information:
Traceback (most recent call last):
  File "/usr/lib/python2.7/dist-packages/pip/basecommand.py", line 126, in main
    self.run(options, args)
  File "/usr/lib/python2.7/dist-packages/pip/commands/install.py", line 228, in run
    requirement_set.install(install_options, global_options)
  File "/usr/lib/python2.7/dist-packages/pip/req.py", line 1093, in install
    requirement.install(install_options, global_options)
  File "/usr/lib/python2.7/dist-packages/pip/req.py", line 566, in install
    cwd=self.source_dir, filter_stdout=self._filter_install, show_stdout=False)
  File "/usr/lib/python2.7/dist-packages/pip/__init__.py", line 255, in call_subprocess
    % (command_desc, proc.returncode))
InstallationError: Command /usr/bin/python -c "import setuptools;__file__='/home/ubuntu/build/uwsgi/setup.py';exec(compile(open(__file__).read().replace('\r\n', '\n'), __file__, 'exec'))" install --single-version-externally-managed --record /tmp/pip-Fj37Ug-record/install-record.txt failed with error code 1
